{"logTime": "1118/011006", "correlationVector":"Jr8RIhew1a79DtV0xqODak.0","action":"FeedSettingFetch_homeCloud", "result":"0", "context":{}}
{"logTime": "1118/011006", "correlationVector":"Jr8RIhew1a79DtV0xqODak.0","action":"SyncServerConnectionManagerRequest", "result":"SYNC_SERVER_OK", "context":{"environment":"", "migrationStage":"", "server":""}}
{"logTime": "1118/011007", "correlationVector":"7XwFo0O1kIjdO+/8qz8W51.1","action":"SyncServerConnectionManagerRequest", "result":"SYNC_SERVER_OK", "context":{"environment":"Prod_EastAsia_000d", "migrationStage":"NotStarted", "server":"GENERAL0100000Y"}}
{"logTime": "1118/011007", "correlationVector":"7XwFo0O1kIjdO+/8qz8W51","action":"Initial GetUpdates", "result":"", "context":Reason: NEW_CLIENT. cV=7XwFo0O1kIjdO+/8qz8W51}
{"logTime": "1118/011007", "correlationVector":"7XwFo0O1kIjdO+/8qz8W51.2","action":"GetUpdates Response", "result":"SYNCER_OK", "context":Received 1 update(s). cV=7XwFo0O1kIjdO+/8qz8W51.0;server=GENERAL0100000Y;cloudType=Consumer;environment=Prod_EastAsia_000d;migrationStage=NotStarted}
{"logTime": "1118/011011", "correlationVector":"vQ2zOwUiGeN12AizLC0EXP","action":"Initial GetUpdates", "result":"", "context":Reason: NEW_CLIENT. cV=vQ2zOwUiGeN12AizLC0EXP}
{"logTime": "1118/011012", "correlationVector":"vQ2zOwUiGeN12AizLC0EXP.1","action":"SyncServerConnectionManagerRequest", "result":"SYNC_SERVER_OK", "context":{"environment":"Prod_EastAsia_000d", "migrationStage":"NotStarted", "server":"GENERAL0100000A"}}
{"logTime": "1118/011012", "correlationVector":"vQ2zOwUiGeN12AizLC0EXP.2","action":"GetUpdates Response", "result":"SYNCER_OK", "context":Received 4 update(s). cV=vQ2zOwUiGeN12AizLC0EXP.0;server=GENERAL0100000A;cloudType=Consumer;environment=Prod_EastAsia_000d;migrationStage=NotStarted}
{"logTime": "1118/011012", "correlationVector":"xTyaAAgVuWLsVLULru+ONm","action":"Normal GetUpdate request", "result":"", "context":cV=xTyaAAgVuWLsVLULru+ONm
Nudged types: Device Info, User Consents
Refresh requested types: Device Info, User Consents, Send Tab To Self, Encryption Keys}
{"logTime": "1118/011012", "correlationVector":"xTyaAAgVuWLsVLULru+ONm.1","action":"SyncServerConnectionManagerRequest", "result":"SYNC_SERVER_OK", "context":{"environment":"Prod_EastAsia_000d", "migrationStage":"NotStarted", "server":"GENERAL01000028"}}
{"logTime": "1118/011012", "correlationVector":"xTyaAAgVuWLsVLULru+ONm.2","action":"GetUpdates Response", "result":"SYNCER_OK", "context":Received 0 update(s). cV=xTyaAAgVuWLsVLULru+ONm.0;server=GENERAL01000028;cloudType=Consumer;environment=Prod_EastAsia_000d;migrationStage=NotStarted}
{"logTime": "1118/011012", "correlationVector":"CkLL42wAiLAt5ZiEhYQqgq","action":"Commit Request", "result":"", "context":Item count: 1
Contributing types: Device Info}
{"logTime": "1118/011012", "correlationVector":"CkLL42wAiLAt5ZiEhYQqgq.1","action":"SyncServerConnectionManagerRequest", "result":"SYNC_SERVER_OK", "context":{"environment":"Prod_EastAsia_000d", "migrationStage":"NotStarted", "server":"GENERAL0100001L"}}
{"logTime": "1118/011012", "correlationVector":"CkLL42wAiLAt5ZiEhYQqgq.2","action":"Commit Response", "result":"SYNCER_OK", "context":Result: SYNCER_OK. cV=CkLL42wAiLAt5ZiEhYQqgq.0;server=GENERAL0100001L;cloudType=Consumer;environment=Prod_EastAsia_000d;migrationStage=NotStarted}
{"logTime": "1118/011012", "correlationVector":"tKlBPUl7NWBdgVZBz2Z2xS","action":"Commit Request", "result":"", "context":Item count: 2
Contributing types: User Consents}
{"logTime": "1118/011013", "correlationVector":"tKlBPUl7NWBdgVZBz2Z2xS.1","action":"SyncServerConnectionManagerRequest", "result":"SYNC_SERVER_OK", "context":{"environment":"Prod_EastAsia_000d", "migrationStage":"NotStarted", "server":"GENERAL0100000L"}}
{"logTime": "1118/011013", "correlationVector":"tKlBPUl7NWBdgVZBz2Z2xS.2","action":"Commit Response", "result":"SYNCER_OK", "context":Result: SYNCER_OK. cV=tKlBPUl7NWBdgVZBz2Z2xS.0;server=GENERAL0100000L;cloudType=Consumer;environment=Prod_EastAsia_000d;migrationStage=NotStarted}
